<?xml version="1.0" encoding="UTF-8"?>
<!-- Generated by org.testng.reporters.JUnitReportReporter -->
<testsuite skipped="0" hostname="nkp-PC" name="seleniumcodes.UploadDownloadFile" tests="2" failures="0" timestamp="16 Feb 2018 19:42:12 GMT" time="33.015" errors="0">
  <testcase name="testUpload" time="18.476" classname="seleniumcodes.UploadDownloadFile"/>
  <testcase name="testDownloadFile" time="14.539" classname="seleniumcodes.UploadDownloadFile"/>
</testsuite> <!-- seleniumcodes.UploadDownloadFile -->
